{"/Users/maciejwojcik/Workspace/krill-app/src/app/app.component.ts": {"path":"/Users/maciejwojcik/Workspace/krill-app/src/app/app.component.ts","statementMap":{"0":{"start":{"line":1,"column":0},"end":{"line":1,"column":42}},"1":{"start":{"line":8,"column":25},"end":{"line":9,"column":null}},"2":{"start":{"line":8,"column":13},"end":{"line":9,"column":null}},"3":{"start":{"line":8,"column":13},"end":{"line":8,"column":25}}},"fnMap":{},"branchMap":{},"s":{"0":8,"1":8,"2":8,"3":8},"f":{},"b":{}}
,"/Users/maciejwojcik/Workspace/krill-app/src/app/app-shell/app-shell.component.ts": {"path":"/Users/maciejwojcik/Workspace/krill-app/src/app/app-shell/app-shell.component.ts","statementMap":{"0":{"start":{"line":1,"column":0},"end":{"line":1,"column":50}},"1":{"start":{"line":8,"column":30},"end":{"line":15,"column":null}},"2":{"start":{"line":8,"column":13},"end":{"line":15,"column":null}},"3":{"start":{"line":8,"column":13},"end":{"line":8,"column":30}}},"fnMap":{"0":{"name":"(anonymous_0)","decl":{"start":{"line":10,"column":2},"end":{"line":10,"column":18}},"loc":{"start":{"line":10,"column":2},"end":{"line":10,"column":19}}},"1":{"name":"(anonymous_1)","decl":{"start":{"line":12,"column":2},"end":{"line":12,"column":10}},"loc":{"start":{"line":12,"column":10},"end":{"line":13,"column":3}}}},"branchMap":{},"s":{"0":1,"1":1,"2":1,"3":1},"f":{"0":1,"1":1},"b":{}}
,"/Users/maciejwojcik/Workspace/krill-app/src/app/dashboard/components/plan/plan.component.ts": {"path":"/Users/maciejwojcik/Workspace/krill-app/src/app/dashboard/components/plan/plan.component.ts","statementMap":{"0":{"start":{"line":1,"column":0},"end":{"line":1,"column":109}},"1":{"start":{"line":10,"column":26},"end":{"line":43,"column":null}},"2":{"start":{"line":13,"column":12},"end":{"line":13,"column":64}},"3":{"start":{"line":14,"column":12},"end":{"line":14,"column":66}},"4":{"start":{"line":15,"column":12},"end":{"line":15,"column":67}},"5":{"start":{"line":16,"column":12},"end":{"line":16,"column":69}},"6":{"start":{"line":20,"column":4},"end":{"line":24,"column":null}},"7":{"start":{"line":28,"column":4},"end":{"line":28,"column":24}},"8":{"start":{"line":32,"column":4},"end":{"line":32,"column":21}},"9":{"start":{"line":36,"column":4},"end":{"line":36,"column":23}},"10":{"start":{"line":40,"column":4},"end":{"line":40,"column":26}},"11":{"start":{"line":10,"column":13},"end":{"line":43,"column":null}},"12":{"start":{"line":10,"column":13},"end":{"line":10,"column":26}}},"fnMap":{"0":{"name":"(anonymous_1)","decl":{"start":{"line":18,"column":2},"end":{"line":18,"column":3}},"loc":{"start":{"line":19,"column":15},"end":{"line":25,"column":3}}},"1":{"name":"(anonymous_2)","decl":{"start":{"line":27,"column":2},"end":{"line":27,"column":15}},"loc":{"start":{"line":27,"column":15},"end":{"line":29,"column":3}}},"2":{"name":"(anonymous_3)","decl":{"start":{"line":31,"column":2},"end":{"line":31,"column":8}},"loc":{"start":{"line":31,"column":8},"end":{"line":33,"column":3}}},"3":{"name":"(anonymous_4)","decl":{"start":{"line":35,"column":2},"end":{"line":35,"column":10}},"loc":{"start":{"line":35,"column":10},"end":{"line":37,"column":3}}},"4":{"name":"(anonymous_5)","decl":{"start":{"line":39,"column":2},"end":{"line":39,"column":19}},"loc":{"start":{"line":39,"column":19},"end":{"line":41,"column":3}}}},"branchMap":{},"s":{"0":1,"1":1,"2":8,"3":8,"4":8,"5":8,"6":68,"7":1,"8":1,"9":1,"10":2,"11":1,"12":1},"f":{"0":68,"1":1,"2":1,"3":1,"4":2},"b":{}}
,"/Users/maciejwojcik/Workspace/krill-app/src/app/dashboard/components/plan-create/plan-create.component.ts": {"path":"/Users/maciejwojcik/Workspace/krill-app/src/app/dashboard/components/plan-create/plan-create.component.ts","statementMap":{"0":{"start":{"line":1,"column":0},"end":{"line":1,"column":50}},"1":{"start":{"line":2,"column":0},"end":{"line":2,"column":68}},"2":{"start":{"line":3,"column":0},"end":{"line":3,"column":52}},"3":{"start":{"line":4,"column":0},"end":{"line":4,"column":56}},"4":{"start":{"line":6,"column":0},"end":{"line":6,"column":55}},"5":{"start":{"line":7,"column":0},"end":{"line":7,"column":64}},"6":{"start":{"line":8,"column":0},"end":{"line":8,"column":84}},"7":{"start":{"line":9,"column":0},"end":{"line":9,"column":71}},"8":{"start":{"line":10,"column":0},"end":{"line":10,"column":9}},"9":{"start":{"line":30,"column":32},"end":{"line":83,"column":null}},"10":{"start":{"line":39,"column":12},"end":{"line":39,"column":56}},"11":{"start":{"line":34,"column":11},"end":{"line":34,"column":45}},"12":{"start":{"line":35,"column":11},"end":{"line":35,"column":31}},"13":{"start":{"line":36,"column":11},"end":{"line":36,"column":35}},"14":{"start":{"line":44,"column":18},"end":{"line":44,"column":28}},"15":{"start":{"line":45,"column":21},"end":{"line":45,"column":70}},"16":{"start":{"line":47,"column":4},"end":{"line":59,"column":7}},"17":{"start":{"line":63,"column":29},"end":{"line":72,"column":6}},"18":{"start":{"line":74,"column":4},"end":{"line":76,"column":null}},"19":{"start":{"line":75,"column":6},"end":{"line":75,"column":null}},"20":{"start":{"line":77,"column":4},"end":{"line":79,"column":null}},"21":{"start":{"line":78,"column":6},"end":{"line":78,"column":63}},"22":{"start":{"line":81,"column":4},"end":{"line":81,"column":31}},"23":{"start":{"line":30,"column":13},"end":{"line":83,"column":null}},"24":{"start":{"line":30,"column":13},"end":{"line":30,"column":32}}},"fnMap":{"0":{"name":"(anonymous_0)","decl":{"start":{"line":38,"column":2},"end":{"line":38,"column":null}},"loc":{"start":{"line":39,"column":56},"end":{"line":41,"column":3}}},"1":{"name":"(anonymous_1)","decl":{"start":{"line":43,"column":2},"end":{"line":43,"column":10}},"loc":{"start":{"line":43,"column":10},"end":{"line":60,"column":3}}},"2":{"name":"(anonymous_2)","decl":{"start":{"line":62,"column":8},"end":{"line":62,"column":14}},"loc":{"start":{"line":62,"column":14},"end":{"line":82,"column":null}}}},"branchMap":{"0":{"loc":{"start":{"line":64,"column":13},"end":{"line":64,"column":39}},"type":"cond-expr","locations":[{"start":{"line":64,"column":33},"end":{"line":64,"column":37}},{"start":{"line":64,"column":37},"end":{"line":64,"column":39}}]},"1":{"loc":{"start":{"line":64,"column":13},"end":{"line":64,"column":37}},"type":"binary-expr","locations":[{"start":{"line":64,"column":13},"end":{"line":64,"column":37}},{"start":{"line":64,"column":33},"end":{"line":64,"column":37}}]},"2":{"loc":{"start":{"line":65,"column":12},"end":{"line":65,"column":38}},"type":"cond-expr","locations":[{"start":{"line":65,"column":32},"end":{"line":65,"column":36}},{"start":{"line":65,"column":36},"end":{"line":65,"column":38}}]},"3":{"loc":{"start":{"line":65,"column":12},"end":{"line":65,"column":36}},"type":"binary-expr","locations":[{"start":{"line":65,"column":12},"end":{"line":65,"column":36}},{"start":{"line":65,"column":32},"end":{"line":65,"column":36}}]},"4":{"loc":{"start":{"line":66,"column":12},"end":{"line":66,"column":80}},"type":"cond-expr","locations":[{"start":{"line":66,"column":41},"end":{"line":66,"column":58}},{"start":{"line":66,"column":61},"end":{"line":66,"column":80}}]},"5":{"loc":{"start":{"line":67,"column":16},"end":{"line":67,"column":85}},"type":"cond-expr","locations":[{"start":{"line":67,"column":44},"end":{"line":67,"column":63}},{"start":{"line":67,"column":66},"end":{"line":67,"column":85}}]},"6":{"loc":{"start":{"line":68,"column":16},"end":{"line":68,"column":59}},"type":"cond-expr","locations":[{"start":{"line":68,"column":40},"end":{"line":68,"column":44}},{"start":{"line":68,"column":44},"end":{"line":68,"column":59}}]},"7":{"loc":{"start":{"line":68,"column":16},"end":{"line":68,"column":44}},"type":"binary-expr","locations":[{"start":{"line":68,"column":16},"end":{"line":68,"column":44}},{"start":{"line":68,"column":40},"end":{"line":68,"column":44}}]},"8":{"loc":{"start":{"line":70,"column":19},"end":{"line":70,"column":52}},"type":"cond-expr","locations":[{"start":{"line":70,"column":46},"end":{"line":70,"column":50}},{"start":{"line":70,"column":50},"end":{"line":70,"column":52}}]},"9":{"loc":{"start":{"line":70,"column":19},"end":{"line":70,"column":50}},"type":"binary-expr","locations":[{"start":{"line":70,"column":19},"end":{"line":70,"column":50}},{"start":{"line":70,"column":46},"end":{"line":70,"column":50}}]},"10":{"loc":{"start":{"line":74,"column":4},"end":{"line":76,"column":null}},"type":"if","locations":[{"start":{"line":74,"column":4},"end":{"line":76,"column":null}}]},"11":{"loc":{"start":{"line":77,"column":4},"end":{"line":79,"column":null}},"type":"if","locations":[{"start":{"line":77,"column":4},"end":{"line":79,"column":null}}]}},"s":{"0":3,"1":3,"2":3,"3":3,"4":3,"5":3,"6":3,"7":3,"8":3,"9":3,"10":0,"11":0,"12":0,"13":0,"14":0,"15":0,"16":0,"17":0,"18":0,"19":0,"20":0,"21":0,"22":0,"23":3,"24":3},"f":{"0":0,"1":0,"2":0},"b":{"0":[0,0],"1":[0,0],"2":[0,0],"3":[0,0],"4":[0,0],"5":[0,0],"6":[0,0],"7":[0,0],"8":[0,0],"9":[0,0],"10":[0],"11":[0]}}
,"/Users/maciejwojcik/Workspace/krill-app/src/app/dashboard/components/timeline/timeline.component.ts": {"path":"/Users/maciejwojcik/Workspace/krill-app/src/app/dashboard/components/timeline/timeline.component.ts","statementMap":{"0":{"start":{"line":1,"column":0},"end":{"line":1,"column":70}},"1":{"start":{"line":2,"column":0},"end":{"line":2,"column":78}},"2":{"start":{"line":9,"column":30},"end":{"line":34,"column":null}},"3":{"start":{"line":15,"column":2},"end":{"line":15,"column":52}},"4":{"start":{"line":17,"column":34},"end":{"line":17,"column":45}},"5":{"start":{"line":20,"column":22},"end":{"line":20,"column":48}},"6":{"start":{"line":21,"column":16},"end":{"line":21,"column":44}},"7":{"start":{"line":22,"column":4},"end":{"line":28,"column":null}},"8":{"start":{"line":23,"column":23},"end":{"line":23,"column":69}},"9":{"start":{"line":24,"column":19},"end":{"line":24,"column":71}},"10":{"start":{"line":26,"column":6},"end":{"line":26,"column":43}},"11":{"start":{"line":27,"column":6},"end":{"line":27,"column":34}},"12":{"start":{"line":30,"column":22},"end":{"line":30,"column":60}},"13":{"start":{"line":31,"column":4},"end":{"line":31,"column":49}},"14":{"start":{"line":9,"column":13},"end":{"line":34,"column":null}},"15":{"start":{"line":9,"column":13},"end":{"line":9,"column":30}}},"fnMap":{"0":{"name":"(anonymous_1)","decl":{"start":{"line":19,"column":2},"end":{"line":19,"column":10}},"loc":{"start":{"line":19,"column":10},"end":{"line":32,"column":3}}}},"branchMap":{},"s":{"0":1,"1":1,"2":1,"3":1,"4":1,"5":1,"6":0,"7":0,"8":0,"9":0,"10":0,"11":0,"12":0,"13":0,"14":1,"15":1},"f":{"0":1},"b":{}}
,"/Users/maciejwojcik/Workspace/krill-app/src/app/dashboard/functions/render-plan.ts": {"path":"/Users/maciejwojcik/Workspace/krill-app/src/app/dashboard/functions/render-plan.ts","statementMap":{"0":{"start":{"line":2,"column":0},"end":{"line":2,"column":61}},"1":{"start":{"line":23,"column":21},"end":{"line":23,"column":34}},"2":{"start":{"line":24,"column":21},"end":{"line":24,"column":39}},"3":{"start":{"line":25,"column":21},"end":{"line":25,"column":42}},"4":{"start":{"line":27,"column":4},"end":{"line":27,"column":67}},"5":{"start":{"line":27,"column":30},"end":{"line":27,"column":65}},"6":{"start":{"line":7,"column":4},"end":{"line":7,"column":24}},"7":{"start":{"line":11,"column":18},"end":{"line":11,"column":28}},"8":{"start":{"line":12,"column":4},"end":{"line":12,"column":87}},"9":{"start":{"line":16,"column":31},"end":{"line":16,"column":92}},"10":{"start":{"line":17,"column":21},"end":{"line":17,"column":54}},"11":{"start":{"line":18,"column":21},"end":{"line":18,"column":72}},"12":{"start":{"line":19,"column":4},"end":{"line":19,"column":93}},"13":{"start":{"line":31,"column":26},"end":{"line":31,"column":40}},"14":{"start":{"line":32,"column":38},"end":{"line":32,"column":40}},"15":{"start":{"line":33,"column":29},"end":{"line":33,"column":65}},"16":{"start":{"line":35,"column":4},"end":{"line":47,"column":7}},"17":{"start":{"line":36,"column":6},"end":{"line":46,"column":null}},"18":{"start":{"line":37,"column":22},"end":{"line":37,"column":56}},"19":{"start":{"line":38,"column":20},"end":{"line":38,"column":70}},"20":{"start":{"line":39,"column":27},"end":{"line":43,"column":null}},"21":{"start":{"line":45,"column":8},"end":{"line":45,"column":37}},"22":{"start":{"line":49,"column":4},"end":{"line":49,"column":23}},"23":{"start":{"line":53,"column":34},"end":{"line":53,"column":36}},"24":{"start":{"line":54,"column":31},"end":{"line":54,"column":33}},"25":{"start":{"line":55,"column":21},"end":{"line":55,"column":22}},"26":{"start":{"line":57,"column":4},"end":{"line":71,"column":null}},"27":{"start":{"line":57,"column":17},"end":{"line":57,"column":18}},"28":{"start":{"line":58,"column":19},"end":{"line":58,"column":32}},"29":{"start":{"line":59,"column":25},"end":{"line":59,"column":59}},"30":{"start":{"line":60,"column":23},"end":{"line":60,"column":73}},"31":{"start":{"line":62,"column":6},"end":{"line":69,"column":null}},"32":{"start":{"line":63,"column":8},"end":{"line":65,"column":null}},"33":{"start":{"line":64,"column":10},"end":{"line":64,"column":41}},"34":{"start":{"line":66,"column":8},"end":{"line":66,"column":30}},"35":{"start":{"line":68,"column":8},"end":{"line":68,"column":32}},"36":{"start":{"line":70,"column":6},"end":{"line":70,"column":50}},"37":{"start":{"line":72,"column":4},"end":{"line":72,"column":35}},"38":{"start":{"line":73,"column":4},"end":{"line":73,"column":23}},"39":{"start":{"line":4,"column":0},"end":{"line":4,"column":13}},"40":{"start":{"line":80,"column":20},"end":{"line":80,"column":30}},"41":{"start":{"line":81,"column":20},"end":{"line":81,"column":33}},"42":{"start":{"line":82,"column":20},"end":{"line":82,"column":31}},"43":{"start":{"line":83,"column":20},"end":{"line":83,"column":34}},"44":{"start":{"line":78,"column":0},"end":{"line":78,"column":13}}},"fnMap":{"0":{"name":"(anonymous_0)","decl":{"start":{"line":22,"column":2},"end":{"line":22,"column":null}},"loc":{"start":{"line":25,"column":49},"end":{"line":28,"column":3}}},"1":{"name":"(anonymous_1)","decl":{"start":{"line":27,"column":20},"end":{"line":27,"column":21}},"loc":{"start":{"line":27,"column":30},"end":{"line":27,"column":65}}},"2":{"name":"(anonymous_2)","decl":{"start":{"line":6,"column":2},"end":{"line":6,"column":13}},"loc":{"start":{"line":6,"column":24},"end":{"line":8,"column":3}}},"3":{"name":"(anonymous_3)","decl":{"start":{"line":10,"column":2},"end":{"line":10,"column":13}},"loc":{"start":{"line":10,"column":22},"end":{"line":13,"column":3}}},"4":{"name":"(anonymous_4)","decl":{"start":{"line":15,"column":2},"end":{"line":15,"column":13}},"loc":{"start":{"line":15,"column":20},"end":{"line":20,"column":3}}},"5":{"name":"(anonymous_5)","decl":{"start":{"line":30,"column":9},"end":{"line":30,"column":17}},"loc":{"start":{"line":30,"column":17},"end":{"line":50,"column":3}}},"6":{"name":"(anonymous_6)","decl":{"start":{"line":35,"column":19},"end":{"line":35,"column":24}},"loc":{"start":{"line":35,"column":27},"end":{"line":47,"column":5}}},"7":{"name":"(anonymous_7)","decl":{"start":{"line":36,"column":20},"end":{"line":36,"column":21}},"loc":{"start":{"line":36,"column":36},"end":{"line":46,"column":7}}},"8":{"name":"(anonymous_8)","decl":{"start":{"line":52,"column":10},"end":{"line":52,"column":26}},"loc":{"start":{"line":52,"column":46},"end":{"line":74,"column":3}}},"9":{"name":"(anonymous_9)","decl":{"start":{"line":79,"column":2},"end":{"line":79,"column":null}},"loc":{"start":{"line":83,"column":34},"end":{"line":85,"column":3}}}},"branchMap":{"0":{"loc":{"start":{"line":24,"column":21},"end":{"line":24,"column":41}},"type":"default-arg","locations":[{"start":{"line":24,"column":39},"end":{"line":24,"column":41}}]},"1":{"loc":{"start":{"line":25,"column":21},"end":{"line":25,"column":49}},"type":"default-arg","locations":[{"start":{"line":25,"column":42},"end":{"line":25,"column":49}}]},"2":{"loc":{"start":{"line":12,"column":11},"end":{"line":12,"column":86}},"type":"cond-expr","locations":[{"start":{"line":12,"column":60},"end":{"line":12,"column":65}},{"start":{"line":12,"column":68},"end":{"line":12,"column":86}}]},"3":{"loc":{"start":{"line":18,"column":21},"end":{"line":18,"column":72}},"type":"cond-expr","locations":[{"start":{"line":18,"column":40},"end":{"line":18,"column":56}},{"start":{"line":18,"column":59},"end":{"line":18,"column":72}}]},"4":{"loc":{"start":{"line":19,"column":11},"end":{"line":19,"column":92}},"type":"cond-expr","locations":[{"start":{"line":19,"column":63},"end":{"line":19,"column":71}},{"start":{"line":19,"column":74},"end":{"line":19,"column":92}}]},"5":{"loc":{"start":{"line":38,"column":29},"end":{"line":38,"column":54}},"type":"cond-expr","locations":[{"start":{"line":38,"column":41},"end":{"line":38,"column":45}},{"start":{"line":38,"column":45},"end":{"line":38,"column":54}}]},"6":{"loc":{"start":{"line":38,"column":29},"end":{"line":38,"column":45}},"type":"binary-expr","locations":[{"start":{"line":38,"column":29},"end":{"line":38,"column":45}},{"start":{"line":38,"column":41},"end":{"line":38,"column":45}}]},"7":{"loc":{"start":{"line":60,"column":32},"end":{"line":60,"column":57}},"type":"cond-expr","locations":[{"start":{"line":60,"column":44},"end":{"line":60,"column":48}},{"start":{"line":60,"column":48},"end":{"line":60,"column":57}}]},"8":{"loc":{"start":{"line":60,"column":32},"end":{"line":60,"column":48}},"type":"binary-expr","locations":[{"start":{"line":60,"column":32},"end":{"line":60,"column":48}},{"start":{"line":60,"column":44},"end":{"line":60,"column":48}}]},"9":{"loc":{"start":{"line":62,"column":6},"end":{"line":69,"column":null}},"type":"if","locations":[{"start":{"line":62,"column":6},"end":{"line":69,"column":null}},{"start":{"line":67,"column":13},"end":{"line":69,"column":null}}]},"10":{"loc":{"start":{"line":63,"column":8},"end":{"line":65,"column":null}},"type":"if","locations":[{"start":{"line":63,"column":8},"end":{"line":65,"column":null}}]}},"s":{"0":3,"1":9,"2":9,"3":9,"4":9,"5":9,"6":1,"7":7,"8":7,"9":8,"10":8,"11":8,"12":8,"13":1,"14":1,"15":1,"16":1,"17":2,"18":5,"19":5,"20":5,"21":5,"22":1,"23":2,"24":2,"25":2,"26":2,"27":2,"28":10,"29":10,"30":10,"31":10,"32":2,"33":2,"34":2,"35":8,"36":10,"37":2,"38":2,"39":3,"40":13,"41":13,"42":13,"43":13,"44":3},"f":{"0":9,"1":9,"2":1,"3":7,"4":8,"5":1,"6":2,"7":5,"8":2,"9":13},"b":{"0":[8],"1":[9],"2":[3,4],"3":[3,5],"4":[6,2],"5":[2,3],"6":[5,5],"7":[4,6],"8":[10,10],"9":[2,8],"10":[2]}}
,"/Users/maciejwojcik/Workspace/krill-app/src/app/dashboard/pages/dashboard/dashboard.component.ts": {"path":"/Users/maciejwojcik/Workspace/krill-app/src/app/dashboard/pages/dashboard/dashboard.component.ts","statementMap":{"0":{"start":{"line":1,"column":0},"end":{"line":1,"column":50}},"1":{"start":{"line":2,"column":0},"end":{"line":2,"column":9}},"2":{"start":{"line":3,"column":0},"end":{"line":3,"column":9}},"3":{"start":{"line":10,"column":31},"end":{"line":24,"column":null}},"4":{"start":{"line":13,"column":12},"end":{"line":13,"column":33}},"5":{"start":{"line":14,"column":12},"end":{"line":14,"column":39}},"6":{"start":{"line":19,"column":4},"end":{"line":21,"column":null}},"7":{"start":{"line":20,"column":6},"end":{"line":20,"column":41}},"8":{"start":{"line":22,"column":4},"end":{"line":22,"column":64}},"9":{"start":{"line":10,"column":13},"end":{"line":24,"column":null}},"10":{"start":{"line":10,"column":13},"end":{"line":10,"column":31}}},"fnMap":{"0":{"name":"(anonymous_0)","decl":{"start":{"line":12,"column":2},"end":{"line":12,"column":null}},"loc":{"start":{"line":14,"column":39},"end":{"line":16,"column":3}}},"1":{"name":"(anonymous_1)","decl":{"start":{"line":18,"column":2},"end":{"line":18,"column":10}},"loc":{"start":{"line":18,"column":10},"end":{"line":23,"column":3}}}},"branchMap":{"0":{"loc":{"start":{"line":19,"column":4},"end":{"line":21,"column":null}},"type":"if","locations":[{"start":{"line":19,"column":4},"end":{"line":21,"column":null}}]}},"s":{"0":1,"1":1,"2":1,"3":1,"4":3,"5":3,"6":3,"7":1,"8":2,"9":1,"10":1},"f":{"0":3,"1":3},"b":{"0":[1]}}
,"/Users/maciejwojcik/Workspace/krill-app/src/app/dashboard/pages/plans/plans.component.ts": {"path":"/Users/maciejwojcik/Workspace/krill-app/src/app/dashboard/pages/plans/plans.component.ts","statementMap":{"0":{"start":{"line":1,"column":0},"end":{"line":1,"column":50}},"1":{"start":{"line":2,"column":0},"end":{"line":2,"column":55}},"2":{"start":{"line":3,"column":0},"end":{"line":3,"column":76}},"3":{"start":{"line":4,"column":0},"end":{"line":4,"column":9}},"4":{"start":{"line":5,"column":0},"end":{"line":5,"column":9}},"5":{"start":{"line":6,"column":0},"end":{"line":6,"column":89}},"6":{"start":{"line":7,"column":0},"end":{"line":7,"column":9}},"7":{"start":{"line":14,"column":27},"end":{"line":70,"column":null}},"8":{"start":{"line":22,"column":12},"end":{"line":22,"column":36}},"9":{"start":{"line":23,"column":12},"end":{"line":23,"column":39}},"10":{"start":{"line":24,"column":12},"end":{"line":24,"column":29}},"11":{"start":{"line":17,"column":2},"end":{"line":17,"column":22}},"12":{"start":{"line":18,"column":2},"end":{"line":18,"column":31}},"13":{"start":{"line":19,"column":2},"end":{"line":19,"column":29}},"14":{"start":{"line":29,"column":4},"end":{"line":29,"column":24}},"15":{"start":{"line":33,"column":22},"end":{"line":33,"column":59}},"16":{"start":{"line":35,"column":17},"end":{"line":35,"column":62}},"17":{"start":{"line":36,"column":4},"end":{"line":39,"column":null}},"18":{"start":{"line":37,"column":6},"end":{"line":37,"column":73}},"19":{"start":{"line":38,"column":6},"end":{"line":38,"column":26}},"20":{"start":{"line":43,"column":4},"end":{"line":43,"column":22}},"21":{"start":{"line":47,"column":4},"end":{"line":47,"column":22}},"22":{"start":{"line":51,"column":4},"end":{"line":51,"column":22}},"23":{"start":{"line":55,"column":4},"end":{"line":55,"column":22}},"24":{"start":{"line":59,"column":4},"end":{"line":67,"column":6}},"25":{"start":{"line":61,"column":24},"end":{"line":61,"column":62}},"26":{"start":{"line":62,"column":8},"end":{"line":62,"column":43}},"27":{"start":{"line":63,"column":8},"end":{"line":63,"column":43}},"28":{"start":{"line":64,"column":8},"end":{"line":64,"column":39}},"29":{"start":{"line":65,"column":8},"end":{"line":65,"column":34}},"30":{"start":{"line":14,"column":13},"end":{"line":70,"column":null}},"31":{"start":{"line":14,"column":13},"end":{"line":14,"column":27}}},"fnMap":{"0":{"name":"(anonymous_0)","decl":{"start":{"line":21,"column":2},"end":{"line":21,"column":null}},"loc":{"start":{"line":24,"column":29},"end":{"line":26,"column":3}}},"1":{"name":"(anonymous_1)","decl":{"start":{"line":28,"column":2},"end":{"line":28,"column":10}},"loc":{"start":{"line":28,"column":10},"end":{"line":30,"column":3}}},"2":{"name":"(anonymous_2)","decl":{"start":{"line":32,"column":8},"end":{"line":32,"column":20}},"loc":{"start":{"line":32,"column":20},"end":{"line":40,"column":null}}},"3":{"name":"(anonymous_4)","decl":{"start":{"line":42,"column":2},"end":{"line":42,"column":15}},"loc":{"start":{"line":42,"column":32},"end":{"line":44,"column":3}}},"4":{"name":"(anonymous_5)","decl":{"start":{"line":46,"column":2},"end":{"line":46,"column":8}},"loc":{"start":{"line":46,"column":25},"end":{"line":48,"column":3}}},"5":{"name":"(anonymous_6)","decl":{"start":{"line":50,"column":2},"end":{"line":50,"column":10}},"loc":{"start":{"line":50,"column":27},"end":{"line":52,"column":3}}},"6":{"name":"(anonymous_7)","decl":{"start":{"line":54,"column":2},"end":{"line":54,"column":19}},"loc":{"start":{"line":54,"column":36},"end":{"line":56,"column":3}}},"7":{"name":"(anonymous_8)","decl":{"start":{"line":58,"column":10},"end":{"line":58,"column":22}},"loc":{"start":{"line":58,"column":22},"end":{"line":68,"column":3}}},"8":{"name":"(anonymous_9)","decl":{"start":{"line":60,"column":10},"end":{"line":60,"column":18}},"loc":{"start":{"line":60,"column":21},"end":{"line":66,"column":7}}}},"branchMap":{"0":{"loc":{"start":{"line":36,"column":4},"end":{"line":39,"column":null}},"type":"if","locations":[{"start":{"line":36,"column":4},"end":{"line":39,"column":null}}]}},"s":{"0":1,"1":1,"2":1,"3":1,"4":1,"5":1,"6":1,"7":1,"8":0,"9":0,"10":0,"11":0,"12":0,"13":0,"14":0,"15":0,"16":0,"17":0,"18":0,"19":0,"20":0,"21":0,"22":0,"23":0,"24":0,"25":0,"26":0,"27":0,"28":0,"29":0,"30":1,"31":1},"f":{"0":0,"1":0,"2":0,"3":0,"4":0,"5":0,"6":0,"7":0,"8":0},"b":{"0":[0]}}
,"/Users/maciejwojcik/Workspace/krill-app/src/app/dashboard/pages/start-plan/start-plan.component.ts": {"path":"/Users/maciejwojcik/Workspace/krill-app/src/app/dashboard/pages/start-plan/start-plan.component.ts","statementMap":{"0":{"start":{"line":1,"column":0},"end":{"line":1,"column":42}},"1":{"start":{"line":2,"column":0},"end":{"line":2,"column":9}},"2":{"start":{"line":3,"column":0},"end":{"line":3,"column":89}},"3":{"start":{"line":4,"column":0},"end":{"line":4,"column":9}},"4":{"start":{"line":5,"column":0},"end":{"line":5,"column":38}},"5":{"start":{"line":6,"column":0},"end":{"line":6,"column":9}},"6":{"start":{"line":7,"column":0},"end":{"line":7,"column":9}},"7":{"start":{"line":14,"column":31},"end":{"line":36,"column":null}},"8":{"start":{"line":17,"column":12},"end":{"line":17,"column":29}},"9":{"start":{"line":18,"column":12},"end":{"line":18,"column":39}},"10":{"start":{"line":19,"column":12},"end":{"line":19,"column":36}},"11":{"start":{"line":20,"column":12},"end":{"line":20,"column":26}},"12":{"start":{"line":21,"column":12},"end":{"line":21,"column":33}},"13":{"start":{"line":26,"column":22},"end":{"line":26,"column":59}},"14":{"start":{"line":28,"column":17},"end":{"line":28,"column":62}},"15":{"start":{"line":29,"column":4},"end":{"line":33,"column":null}},"16":{"start":{"line":30,"column":6},"end":{"line":32,"column":9}},"17":{"start":{"line":31,"column":8},"end":{"line":31,"column":74}},"18":{"start":{"line":14,"column":13},"end":{"line":36,"column":null}},"19":{"start":{"line":14,"column":13},"end":{"line":14,"column":31}}},"fnMap":{"0":{"name":"(anonymous_0)","decl":{"start":{"line":16,"column":2},"end":{"line":16,"column":null}},"loc":{"start":{"line":21,"column":33},"end":{"line":23,"column":3}}},"1":{"name":"(anonymous_1)","decl":{"start":{"line":25,"column":8},"end":{"line":25,"column":18}},"loc":{"start":{"line":25,"column":18},"end":{"line":34,"column":null}}},"2":{"name":"(anonymous_3)","decl":{"start":{"line":30,"column":61},"end":{"line":30,"column":64}},"loc":{"start":{"line":30,"column":66},"end":{"line":32,"column":7}}}},"branchMap":{"0":{"loc":{"start":{"line":29,"column":4},"end":{"line":33,"column":null}},"type":"if","locations":[{"start":{"line":29,"column":4},"end":{"line":33,"column":null}}]}},"s":{"0":1,"1":1,"2":1,"3":1,"4":1,"5":1,"6":1,"7":1,"8":3,"9":3,"10":3,"11":3,"12":3,"13":2,"14":2,"15":2,"16":1,"17":1,"18":1,"19":1},"f":{"0":3,"1":2,"2":1},"b":{"0":[1]}}
,"/Users/maciejwojcik/Workspace/krill-app/src/app/dashboard/pages/welcome/welcome.component.ts": {"path":"/Users/maciejwojcik/Workspace/krill-app/src/app/dashboard/pages/welcome/welcome.component.ts","statementMap":{"0":{"start":{"line":1,"column":0},"end":{"line":1,"column":50}},"1":{"start":{"line":2,"column":0},"end":{"line":2,"column":67}},"2":{"start":{"line":3,"column":0},"end":{"line":3,"column":9}},"3":{"start":{"line":4,"column":0},"end":{"line":4,"column":9}},"4":{"start":{"line":11,"column":29},"end":{"line":30,"column":null}},"5":{"start":{"line":16,"column":12},"end":{"line":16,"column":39}},"6":{"start":{"line":17,"column":12},"end":{"line":17,"column":33}},"7":{"start":{"line":18,"column":12},"end":{"line":18,"column":26}},"8":{"start":{"line":23,"column":15},"end":{"line":23,"column":32}},"9":{"start":{"line":24,"column":4},"end":{"line":24,"column":61}},"10":{"start":{"line":28,"column":4},"end":{"line":28,"column":72}},"11":{"start":{"line":11,"column":13},"end":{"line":30,"column":null}},"12":{"start":{"line":11,"column":13},"end":{"line":11,"column":29}}},"fnMap":{"0":{"name":"(anonymous_0)","decl":{"start":{"line":15,"column":2},"end":{"line":15,"column":null}},"loc":{"start":{"line":18,"column":26},"end":{"line":20,"column":3}}},"1":{"name":"(anonymous_1)","decl":{"start":{"line":22,"column":2},"end":{"line":22,"column":10}},"loc":{"start":{"line":22,"column":10},"end":{"line":25,"column":3}}},"2":{"name":"(anonymous_2)","decl":{"start":{"line":27,"column":2},"end":{"line":27,"column":10}},"loc":{"start":{"line":27,"column":10},"end":{"line":29,"column":3}}}},"branchMap":{},"s":{"0":1,"1":1,"2":1,"3":1,"4":1,"5":3,"6":3,"7":3,"8":3,"9":3,"10":1,"11":1,"12":1},"f":{"0":3,"1":3,"2":1},"b":{}}
,"/Users/maciejwojcik/Workspace/krill-app/src/app/guards/schedule.guard.ts": {"path":"/Users/maciejwojcik/Workspace/krill-app/src/app/guards/schedule.guard.ts","statementMap":{"0":{"start":{"line":1,"column":0},"end":{"line":1,"column":43}},"1":{"start":{"line":2,"column":0},"end":{"line":2,"column":null}},"2":{"start":{"line":11,"column":0},"end":{"line":11,"column":9}},"3":{"start":{"line":12,"column":0},"end":{"line":12,"column":9}},"4":{"start":{"line":17,"column":26},"end":{"line":50,"column":null}},"5":{"start":{"line":20,"column":12},"end":{"line":20,"column":26}},"6":{"start":{"line":21,"column":12},"end":{"line":21,"column":42}},"7":{"start":{"line":22,"column":12},"end":{"line":22,"column":39}},"8":{"start":{"line":29,"column":4},"end":{"line":29,"column":32}},"9":{"start":{"line":35,"column":4},"end":{"line":35,"column":32}},"10":{"start":{"line":39,"column":21},"end":{"line":39,"column":58}},"11":{"start":{"line":41,"column":4},"end":{"line":43,"column":null}},"12":{"start":{"line":42,"column":6},"end":{"line":42,"column":18}},"13":{"start":{"line":45,"column":4},"end":{"line":45,"column":33}},"14":{"start":{"line":46,"column":4},"end":{"line":46,"column":57}},"15":{"start":{"line":47,"column":4},"end":{"line":47,"column":null}},"16":{"start":{"line":17,"column":13},"end":{"line":50,"column":null}},"17":{"start":{"line":17,"column":13},"end":{"line":17,"column":26}}},"fnMap":{"0":{"name":"(anonymous_0)","decl":{"start":{"line":19,"column":2},"end":{"line":19,"column":null}},"loc":{"start":{"line":22,"column":39},"end":{"line":24,"column":3}}},"1":{"name":"(anonymous_1)","decl":{"start":{"line":26,"column":2},"end":{"line":26,"column":13}},"loc":{"start":{"line":28,"column":30},"end":{"line":30,"column":3}}},"2":{"name":"(anonymous_2)","decl":{"start":{"line":32,"column":2},"end":{"line":32,"column":18}},"loc":{"start":{"line":34,"column":30},"end":{"line":36,"column":3}}},"3":{"name":"(anonymous_3)","decl":{"start":{"line":38,"column":16},"end":{"line":38,"column":29}},"loc":{"start":{"line":38,"column":29},"end":{"line":48,"column":null}}}},"branchMap":{"0":{"loc":{"start":{"line":41,"column":4},"end":{"line":43,"column":null}},"type":"if","locations":[{"start":{"line":41,"column":4},"end":{"line":43,"column":null}}]}},"s":{"0":7,"1":7,"2":7,"3":7,"4":7,"5":6,"6":6,"7":6,"8":3,"9":3,"10":6,"11":6,"12":2,"13":4,"14":4,"15":4,"16":7,"17":7},"f":{"0":6,"1":3,"2":3,"3":6},"b":{"0":[2]}}
,"/Users/maciejwojcik/Workspace/krill-app/src/app/home/pages/home/home.component.ts": {"path":"/Users/maciejwojcik/Workspace/krill-app/src/app/home/pages/home/home.component.ts","statementMap":{"0":{"start":{"line":1,"column":0},"end":{"line":1,"column":42}},"1":{"start":{"line":2,"column":0},"end":{"line":2,"column":9}},"2":{"start":{"line":3,"column":0},"end":{"line":3,"column":9}},"3":{"start":{"line":4,"column":0},"end":{"line":4,"column":27}},"4":{"start":{"line":11,"column":26},"end":{"line":24,"column":null}},"5":{"start":{"line":14,"column":12},"end":{"line":14,"column":26}},"6":{"start":{"line":15,"column":12},"end":{"line":15,"column":36}},"7":{"start":{"line":20,"column":4},"end":{"line":22,"column":18}},"8":{"start":{"line":21,"column":22},"end":{"line":21,"column":90}},"9":{"start":{"line":11,"column":13},"end":{"line":24,"column":null}},"10":{"start":{"line":11,"column":13},"end":{"line":11,"column":26}}},"fnMap":{"0":{"name":"(anonymous_0)","decl":{"start":{"line":13,"column":2},"end":{"line":13,"column":null}},"loc":{"start":{"line":15,"column":36},"end":{"line":17,"column":3}}},"1":{"name":"(anonymous_1)","decl":{"start":{"line":19,"column":2},"end":{"line":19,"column":7}},"loc":{"start":{"line":19,"column":7},"end":{"line":23,"column":3}}},"2":{"name":"(anonymous_2)","decl":{"start":{"line":21,"column":10},"end":{"line":21,"column":18}},"loc":{"start":{"line":21,"column":22},"end":{"line":21,"column":90}}}},"branchMap":{},"s":{"0":1,"1":1,"2":1,"3":1,"4":1,"5":3,"6":3,"7":1,"8":1,"9":1,"10":1},"f":{"0":3,"1":1,"2":1},"b":{}}
,"/Users/maciejwojcik/Workspace/krill-app/src/app/services/browser-storage.service.ts": {"path":"/Users/maciejwojcik/Workspace/krill-app/src/app/services/browser-storage.service.ts","statementMap":{"0":{"start":{"line":1,"column":0},"end":{"line":1,"column":51}},"1":{"start":{"line":2,"column":0},"end":{"line":2,"column":48}},"2":{"start":{"line":4,"column":0},"end":{"line":4,"column":null}},"3":{"start":{"line":5,"column":2},"end":{"line":5,"column":null}},"4":{"start":{"line":11,"column":34},"end":{"line":33,"column":null}},"5":{"start":{"line":14,"column":46},"end":{"line":14,"column":55}},"6":{"start":{"line":19,"column":4},"end":{"line":19,"column":37}},"7":{"start":{"line":23,"column":4},"end":{"line":23,"column":37}},"8":{"start":{"line":27,"column":4},"end":{"line":27,"column":33}},"9":{"start":{"line":31,"column":4},"end":{"line":31,"column":25}},"10":{"start":{"line":11,"column":13},"end":{"line":33,"column":null}},"11":{"start":{"line":11,"column":13},"end":{"line":11,"column":34}}},"fnMap":{"0":{"name":"(anonymous_0)","decl":{"start":{"line":4,"column":0},"end":{"line":4,"column":12}},"loc":{"start":{"line":4,"column":22},"end":{"line":6,"column":1}}},"1":{"name":"(anonymous_1)","decl":{"start":{"line":13,"column":2},"end":{"line":13,"column":null}},"loc":{"start":{"line":14,"column":62},"end":{"line":16,"column":3}}},"2":{"name":"(anonymous_2)","decl":{"start":{"line":18,"column":2},"end":{"line":18,"column":5}},"loc":{"start":{"line":18,"column":21},"end":{"line":20,"column":3}}},"3":{"name":"(anonymous_3)","decl":{"start":{"line":22,"column":2},"end":{"line":22,"column":5}},"loc":{"start":{"line":22,"column":36},"end":{"line":24,"column":3}}},"4":{"name":"(anonymous_4)","decl":{"start":{"line":26,"column":2},"end":{"line":26,"column":8}},"loc":{"start":{"line":26,"column":24},"end":{"line":28,"column":3}}},"5":{"name":"(anonymous_5)","decl":{"start":{"line":30,"column":2},"end":{"line":30,"column":7}},"loc":{"start":{"line":30,"column":7},"end":{"line":32,"column":3}}}},"branchMap":{"0":{"loc":{"start":{"line":4,"column":12},"end":{"line":4,"column":null}},"type":"binary-expr","locations":[{"start":{"line":4,"column":12},"end":{"line":4,"column":22}},{"start":{"line":4,"column":12},"end":{"line":4,"column":null}}]}},"s":{"0":7,"1":7,"2":7,"3":7,"4":7,"5":4,"6":1,"7":1,"8":1,"9":1,"10":7,"11":7},"f":{"0":7,"1":4,"2":1,"3":1,"4":1,"5":1},"b":{"0":[7,7]}}
,"/Users/maciejwojcik/Workspace/krill-app/src/app/services/dashboard.service.ts": {"path":"/Users/maciejwojcik/Workspace/krill-app/src/app/services/dashboard.service.ts","statementMap":{"0":{"start":{"line":1,"column":0},"end":{"line":1,"column":43}},"1":{"start":{"line":2,"column":0},"end":{"line":2,"column":39}},"2":{"start":{"line":3,"column":0},"end":{"line":3,"column":9}},"3":{"start":{"line":8,"column":29},"end":{"line":26,"column":null}},"4":{"start":{"line":22,"column":12},"end":{"line":22,"column":42}},"5":{"start":{"line":10,"column":19},"end":{"line":10,"column":104}},"6":{"start":{"line":13,"column":4},"end":{"line":13,"column":38}},"7":{"start":{"line":17,"column":4},"end":{"line":17,"column":31}},"8":{"start":{"line":18,"column":4},"end":{"line":18,"column":49}},"9":{"start":{"line":8,"column":13},"end":{"line":26,"column":null}},"10":{"start":{"line":8,"column":13},"end":{"line":8,"column":29}}},"fnMap":{"0":{"name":"(anonymous_0)","decl":{"start":{"line":21,"column":2},"end":{"line":21,"column":null}},"loc":{"start":{"line":22,"column":42},"end":{"line":24,"column":3}}},"1":{"name":"(anonymous_1)","decl":{"start":{"line":12,"column":2},"end":{"line":12,"column":6}},"loc":{"start":{"line":12,"column":8},"end":{"line":14,"column":3}}},"2":{"name":"(anonymous_2)","decl":{"start":{"line":16,"column":2},"end":{"line":16,"column":6}},"loc":{"start":{"line":16,"column":22},"end":{"line":19,"column":3}}}},"branchMap":{"0":{"loc":{"start":{"line":13,"column":11},"end":{"line":13,"column":37}},"type":"cond-expr","locations":[{"start":{"line":13,"column":31},"end":{"line":13,"column":35}},{"start":{"line":13,"column":35},"end":{"line":13,"column":37}}]},"1":{"loc":{"start":{"line":13,"column":11},"end":{"line":13,"column":35}},"type":"binary-expr","locations":[{"start":{"line":13,"column":11},"end":{"line":13,"column":35}},{"start":{"line":13,"column":31},"end":{"line":13,"column":35}}]}},"s":{"0":7,"1":7,"2":7,"3":7,"4":3,"5":3,"6":3,"7":2,"8":2,"9":7,"10":7},"f":{"0":3,"1":3,"2":2},"b":{"0":[2,1],"1":[3,2]}}
,"/Users/maciejwojcik/Workspace/krill-app/src/app/services/schedules-api.service.ts": {"path":"/Users/maciejwojcik/Workspace/krill-app/src/app/services/schedules-api.service.ts","statementMap":{"0":{"start":{"line":1,"column":0},"end":{"line":1,"column":43}},"1":{"start":{"line":2,"column":0},"end":{"line":2,"column":9}},"2":{"start":{"line":3,"column":0},"end":{"line":3,"column":39}},"3":{"start":{"line":4,"column":0},"end":{"line":4,"column":61}},"4":{"start":{"line":5,"column":0},"end":{"line":5,"column":74}},"5":{"start":{"line":7,"column":0},"end":{"line":7,"column":50}},"6":{"start":{"line":12,"column":32},"end":{"line":39,"column":null}},"7":{"start":{"line":15,"column":12},"end":{"line":15,"column":28}},"8":{"start":{"line":20,"column":16},"end":{"line":20,"column":46}},"9":{"start":{"line":21,"column":4},"end":{"line":23,"column":6}},"10":{"start":{"line":27,"column":16},"end":{"line":27,"column":52}},"11":{"start":{"line":28,"column":4},"end":{"line":30,"column":6}},"12":{"start":{"line":34,"column":16},"end":{"line":34,"column":59}},"13":{"start":{"line":35,"column":4},"end":{"line":37,"column":6}},"14":{"start":{"line":12,"column":13},"end":{"line":39,"column":null}},"15":{"start":{"line":12,"column":13},"end":{"line":12,"column":32}}},"fnMap":{"0":{"name":"(anonymous_0)","decl":{"start":{"line":14,"column":2},"end":{"line":14,"column":null}},"loc":{"start":{"line":15,"column":28},"end":{"line":17,"column":3}}},"1":{"name":"(anonymous_1)","decl":{"start":{"line":19,"column":2},"end":{"line":19,"column":16}},"loc":{"start":{"line":19,"column":16},"end":{"line":24,"column":3}}},"2":{"name":"(anonymous_2)","decl":{"start":{"line":26,"column":2},"end":{"line":26,"column":13}},"loc":{"start":{"line":26,"column":28},"end":{"line":31,"column":3}}},"3":{"name":"(anonymous_3)","decl":{"start":{"line":33,"column":2},"end":{"line":33,"column":12}},"loc":{"start":{"line":33,"column":45},"end":{"line":38,"column":3}}}},"branchMap":{},"s":{"0":4,"1":4,"2":4,"3":4,"4":4,"5":4,"6":4,"7":3,"8":1,"9":1,"10":1,"11":1,"12":1,"13":1,"14":4,"15":4},"f":{"0":3,"1":1,"2":1,"3":1},"b":{}}
,"/Users/maciejwojcik/Workspace/krill-app/src/app/shared/components/emoji-picker/emoji-picker.component.ts": {"path":"/Users/maciejwojcik/Workspace/krill-app/src/app/shared/components/emoji-picker/emoji-picker.component.ts","statementMap":{"0":{"start":{"line":1,"column":0},"end":{"line":1,"column":73}},"1":{"start":{"line":2,"column":0},"end":{"line":2,"column":73}},"2":{"start":{"line":4,"column":0},"end":{"line":4,"column":9}},"3":{"start":{"line":21,"column":33},"end":{"line":73,"column":null}},"4":{"start":{"line":35,"column":12},"end":{"line":35,"column":29}},"5":{"start":{"line":23,"column":11},"end":{"line":23,"column":30}},"6":{"start":{"line":26,"column":2},"end":{"line":26,"column":27}},"7":{"start":{"line":27,"column":2},"end":{"line":27,"column":28}},"8":{"start":{"line":40,"column":4},"end":{"line":40,"column":55}},"9":{"start":{"line":44,"column":4},"end":{"line":46,"column":null}},"10":{"start":{"line":45,"column":6},"end":{"line":45,"column":13}},"11":{"start":{"line":48,"column":18},"end":{"line":48,"column":42}},"12":{"start":{"line":49,"column":4},"end":{"line":49,"column":26}},"13":{"start":{"line":50,"column":4},"end":{"line":50,"column":28}},"14":{"start":{"line":51,"column":4},"end":{"line":51,"column":28}},"15":{"start":{"line":53,"column":4},"end":{"line":53,"column":24}},"16":{"start":{"line":54,"column":4},"end":{"line":54,"column":21}},"17":{"start":{"line":58,"column":4},"end":{"line":58,"column":23}},"18":{"start":{"line":62,"column":4},"end":{"line":62,"column":24}},"19":{"start":{"line":66,"column":4},"end":{"line":66,"column":31}},"20":{"start":{"line":70,"column":4},"end":{"line":70,"column":23}},"21":{"start":{"line":21,"column":13},"end":{"line":73,"column":null}},"22":{"start":{"line":21,"column":13},"end":{"line":21,"column":33}}},"fnMap":{"0":{"name":"(anonymous_0)","decl":{"start":{"line":34,"column":2},"end":{"line":34,"column":null}},"loc":{"start":{"line":35,"column":29},"end":{"line":37,"column":3}}},"1":{"name":"(anonymous_1)","decl":{"start":{"line":39,"column":2},"end":{"line":39,"column":12}},"loc":{"start":{"line":39,"column":12},"end":{"line":41,"column":3}}},"2":{"name":"(anonymous_2)","decl":{"start":{"line":43,"column":2},"end":{"line":43,"column":15}},"loc":{"start":{"line":43,"column":26},"end":{"line":55,"column":3}}},"3":{"name":"(anonymous_3)","decl":{"start":{"line":57,"column":2},"end":{"line":57,"column":18}},"loc":{"start":{"line":57,"column":31},"end":{"line":59,"column":3}}},"4":{"name":"(anonymous_4)","decl":{"start":{"line":61,"column":2},"end":{"line":61,"column":19}},"loc":{"start":{"line":61,"column":33},"end":{"line":63,"column":3}}},"5":{"name":"(anonymous_5)","decl":{"start":{"line":65,"column":2},"end":{"line":65,"column":18}},"loc":{"start":{"line":65,"column":38},"end":{"line":67,"column":3}}},"6":{"name":"(anonymous_6)","decl":{"start":{"line":69,"column":2},"end":{"line":69,"column":12}},"loc":{"start":{"line":69,"column":26},"end":{"line":71,"column":3}}}},"branchMap":{"0":{"loc":{"start":{"line":44,"column":4},"end":{"line":46,"column":null}},"type":"if","locations":[{"start":{"line":44,"column":4},"end":{"line":46,"column":null}}]}},"s":{"0":1,"1":1,"2":1,"3":1,"4":9,"5":9,"6":9,"7":9,"8":1,"9":2,"10":1,"11":1,"12":1,"13":1,"14":1,"15":1,"16":1,"17":1,"18":1,"19":2,"20":1,"21":1,"22":1},"f":{"0":9,"1":1,"2":2,"3":1,"4":1,"5":2,"6":1},"b":{"0":[1]}}
,"/Users/maciejwojcik/Workspace/krill-app/src/app/shared/components/footer/footer.component.ts": {"path":"/Users/maciejwojcik/Workspace/krill-app/src/app/shared/components/footer/footer.component.ts","statementMap":{"0":{"start":{"line":1,"column":0},"end":{"line":1,"column":42}},"1":{"start":{"line":8,"column":28},"end":{"line":9,"column":null}},"2":{"start":{"line":8,"column":13},"end":{"line":9,"column":null}},"3":{"start":{"line":8,"column":13},"end":{"line":8,"column":28}}},"fnMap":{},"branchMap":{},"s":{"0":3,"1":3,"2":3,"3":3},"f":{},"b":{}}
,"/Users/maciejwojcik/Workspace/krill-app/src/app/shared/components/header/header.component.ts": {"path":"/Users/maciejwojcik/Workspace/krill-app/src/app/shared/components/header/header.component.ts","statementMap":{"0":{"start":{"line":1,"column":0},"end":{"line":1,"column":42}},"1":{"start":{"line":8,"column":28},"end":{"line":9,"column":null}},"2":{"start":{"line":8,"column":13},"end":{"line":9,"column":null}},"3":{"start":{"line":8,"column":13},"end":{"line":8,"column":28}}},"fnMap":{},"branchMap":{},"s":{"0":2,"1":2,"2":2,"3":2},"f":{},"b":{}}
,"/Users/maciejwojcik/Workspace/krill-app/src/app/shared/components/site-wrapper/site-wrapper.component.ts": {"path":"/Users/maciejwojcik/Workspace/krill-app/src/app/shared/components/site-wrapper/site-wrapper.component.ts","statementMap":{"0":{"start":{"line":1,"column":0},"end":{"line":1,"column":42}},"1":{"start":{"line":8,"column":33},"end":{"line":9,"column":null}},"2":{"start":{"line":8,"column":13},"end":{"line":9,"column":null}},"3":{"start":{"line":8,"column":13},"end":{"line":8,"column":33}}},"fnMap":{},"branchMap":{},"s":{"0":3,"1":3,"2":3,"3":3},"f":{},"b":{}}
,"/Users/maciejwojcik/Workspace/krill-app/src/app/shared/functions/date-range-validator.ts": {"path":"/Users/maciejwojcik/Workspace/krill-app/src/app/shared/functions/date-range-validator.ts","statementMap":{"0":{"start":{"line":4,"column":2},"end":{"line":24,"column":null}},"1":{"start":{"line":5,"column":22},"end":{"line":5,"column":75}},"2":{"start":{"line":6,"column":20},"end":{"line":6,"column":71}},"3":{"start":{"line":7,"column":22},"end":{"line":7,"column":75}},"4":{"start":{"line":9,"column":4},"end":{"line":12,"column":null}},"5":{"start":{"line":10,"column":6},"end":{"line":10,"column":68}},"6":{"start":{"line":11,"column":6},"end":{"line":11,"column":18}},"7":{"start":{"line":14,"column":4},"end":{"line":17,"column":null}},"8":{"start":{"line":15,"column":6},"end":{"line":15,"column":89}},"9":{"start":{"line":16,"column":6},"end":{"line":16,"column":18}},"10":{"start":{"line":19,"column":4},"end":{"line":22,"column":null}},"11":{"start":{"line":20,"column":6},"end":{"line":20,"column":83}},"12":{"start":{"line":21,"column":6},"end":{"line":21,"column":33}},"13":{"start":{"line":23,"column":4},"end":{"line":23,"column":16}},"14":{"start":{"line":3,"column":0},"end":{"line":3,"column":16}}},"fnMap":{"0":{"name":"dateRangeValidator","decl":{"start":{"line":3,"column":16},"end":{"line":3,"column":34}},"loc":{"start":{"line":3,"column":34},"end":{"line":25,"column":1}}},"1":{"name":"(anonymous_1)","decl":{"start":{"line":4,"column":9},"end":{"line":4,"column":10}},"loc":{"start":{"line":4,"column":60},"end":{"line":24,"column":3}}}},"branchMap":{"0":{"loc":{"start":{"line":5,"column":22},"end":{"line":5,"column":75}},"type":"cond-expr","locations":[{"start":{"line":5,"column":68},"end":{"line":5,"column":70}},{"start":{"line":5,"column":68},"end":{"line":5,"column":75}}]},"1":{"loc":{"start":{"line":5,"column":22},"end":{"line":5,"column":70}},"type":"binary-expr","locations":[{"start":{"line":5,"column":22},"end":{"line":5,"column":70}},{"start":{"line":5,"column":68},"end":{"line":5,"column":70}}]},"2":{"loc":{"start":{"line":6,"column":20},"end":{"line":6,"column":71}},"type":"cond-expr","locations":[{"start":{"line":6,"column":64},"end":{"line":6,"column":66}},{"start":{"line":6,"column":64},"end":{"line":6,"column":71}}]},"3":{"loc":{"start":{"line":6,"column":20},"end":{"line":6,"column":66}},"type":"binary-expr","locations":[{"start":{"line":6,"column":20},"end":{"line":6,"column":66}},{"start":{"line":6,"column":64},"end":{"line":6,"column":66}}]},"4":{"loc":{"start":{"line":7,"column":22},"end":{"line":7,"column":75}},"type":"cond-expr","locations":[{"start":{"line":7,"column":68},"end":{"line":7,"column":70}},{"start":{"line":7,"column":68},"end":{"line":7,"column":75}}]},"5":{"loc":{"start":{"line":7,"column":22},"end":{"line":7,"column":70}},"type":"binary-expr","locations":[{"start":{"line":7,"column":22},"end":{"line":7,"column":70}},{"start":{"line":7,"column":68},"end":{"line":7,"column":70}}]},"6":{"loc":{"start":{"line":9,"column":4},"end":{"line":12,"column":null}},"type":"if","locations":[{"start":{"line":9,"column":4},"end":{"line":12,"column":null}}]},"7":{"loc":{"start":{"line":10,"column":6},"end":{"line":10,"column":67}},"type":"cond-expr","locations":[{"start":{"line":10,"column":50},"end":{"line":10,"column":52}},{"start":{"line":10,"column":50},"end":{"line":10,"column":67}}]},"8":{"loc":{"start":{"line":10,"column":6},"end":{"line":10,"column":52}},"type":"binary-expr","locations":[{"start":{"line":10,"column":6},"end":{"line":10,"column":52}},{"start":{"line":10,"column":50},"end":{"line":10,"column":52}}]},"9":{"loc":{"start":{"line":14,"column":4},"end":{"line":17,"column":null}},"type":"if","locations":[{"start":{"line":14,"column":4},"end":{"line":17,"column":null}}]},"10":{"loc":{"start":{"line":14,"column":8},"end":{"line":14,"column":29}},"type":"binary-expr","locations":[{"start":{"line":14,"column":8},"end":{"line":14,"column":17}},{"start":{"line":14,"column":21},"end":{"line":14,"column":29}}]},"11":{"loc":{"start":{"line":15,"column":6},"end":{"line":15,"column":88}},"type":"cond-expr","locations":[{"start":{"line":15,"column":50},"end":{"line":15,"column":52}},{"start":{"line":15,"column":50},"end":{"line":15,"column":88}}]},"12":{"loc":{"start":{"line":15,"column":6},"end":{"line":15,"column":52}},"type":"binary-expr","locations":[{"start":{"line":15,"column":6},"end":{"line":15,"column":52}},{"start":{"line":15,"column":50},"end":{"line":15,"column":52}}]},"13":{"loc":{"start":{"line":19,"column":4},"end":{"line":22,"column":null}},"type":"if","locations":[{"start":{"line":19,"column":4},"end":{"line":22,"column":null}}]},"14":{"loc":{"start":{"line":20,"column":6},"end":{"line":20,"column":82}},"type":"cond-expr","locations":[{"start":{"line":20,"column":50},"end":{"line":20,"column":52}},{"start":{"line":20,"column":50},"end":{"line":20,"column":82}}]},"15":{"loc":{"start":{"line":20,"column":6},"end":{"line":20,"column":52}},"type":"binary-expr","locations":[{"start":{"line":20,"column":6},"end":{"line":20,"column":52}},{"start":{"line":20,"column":50},"end":{"line":20,"column":52}}]}},"s":{"0":4,"1":5,"2":5,"3":5,"4":5,"5":2,"6":2,"7":3,"8":1,"9":1,"10":2,"11":1,"12":1,"13":1,"14":4},"f":{"0":4,"1":5},"b":{"0":[0,5],"1":[5,5],"2":[0,5],"3":[5,5],"4":[0,5],"5":[5,5],"6":[2],"7":[0,2],"8":[2,2],"9":[1],"10":[3,3],"11":[0,1],"12":[1,1],"13":[1],"14":[0,1],"15":[1,1]}}
,"/Users/maciejwojcik/Workspace/krill-app/src/app/shared/functions/date-utils.ts": {"path":"/Users/maciejwojcik/Workspace/krill-app/src/app/shared/functions/date-utils.ts","statementMap":{"0":{"start":{"line":2,"column":17},"end":{"line":2,"column":36}},"1":{"start":{"line":3,"column":15},"end":{"line":3,"column":58}},"2":{"start":{"line":4,"column":2},"end":{"line":4,"column":35}},"3":{"start":{"line":1,"column":0},"end":{"line":1,"column":16}},"4":{"start":{"line":8,"column":2},"end":{"line":12,"column":null}},"5":{"start":{"line":9,"column":4},"end":{"line":9,"column":50}},"6":{"start":{"line":11,"column":4},"end":{"line":11,"column":64}},"7":{"start":{"line":7,"column":0},"end":{"line":7,"column":16}}},"fnMap":{"0":{"name":"daysDiff","decl":{"start":{"line":1,"column":16},"end":{"line":1,"column":24}},"loc":{"start":{"line":1,"column":49},"end":{"line":5,"column":1}}},"1":{"name":"getNextMonth","decl":{"start":{"line":7,"column":16},"end":{"line":7,"column":28}},"loc":{"start":{"line":7,"column":39},"end":{"line":13,"column":1}}}},"branchMap":{"0":{"loc":{"start":{"line":8,"column":2},"end":{"line":12,"column":null}},"type":"if","locations":[{"start":{"line":8,"column":2},"end":{"line":12,"column":null}},{"start":{"line":10,"column":9},"end":{"line":12,"column":null}}]}},"s":{"0":31,"1":31,"2":31,"3":5,"4":3,"5":1,"6":1,"7":5},"f":{"0":31,"1":3},"b":{"0":[1,1]}}
,"/Users/maciejwojcik/Workspace/krill-app/src/app/shared/functions/state-matcher.ts": {"path":"/Users/maciejwojcik/Workspace/krill-app/src/app/shared/functions/state-matcher.ts","statementMap":{"0":{"start":{"line":6,"column":4},"end":{"line":6,"column":57}},"1":{"start":{"line":4,"column":0},"end":{"line":4,"column":13}}},"fnMap":{"0":{"name":"(anonymous_0)","decl":{"start":{"line":5,"column":2},"end":{"line":5,"column":14}},"loc":{"start":{"line":5,"column":68},"end":{"line":7,"column":3}}}},"branchMap":{"0":{"loc":{"start":{"line":6,"column":11},"end":{"line":6,"column":56}},"type":"binary-expr","locations":[{"start":{"line":6,"column":11},"end":{"line":6,"column":18}},{"start":{"line":6,"column":22},"end":{"line":6,"column":37}},{"start":{"line":6,"column":41},"end":{"line":6,"column":56}}]}},"s":{"0":3,"1":4},"f":{"0":3},"b":{"0":[3,3,2]}}
,"/Users/maciejwojcik/Workspace/krill-app/src/app/shared/pipes/priority.pipe.ts": {"path":"/Users/maciejwojcik/Workspace/krill-app/src/app/shared/pipes/priority.pipe.ts","statementMap":{"0":{"start":{"line":1,"column":0},"end":{"line":1,"column":52}},"1":{"start":{"line":2,"column":0},"end":{"line":2,"column":49}},"2":{"start":{"line":7,"column":25},"end":{"line":19,"column":null}},"3":{"start":{"line":9,"column":19},"end":{"line":13,"column":5}},"4":{"start":{"line":16,"column":4},"end":{"line":16,"column":51}},"5":{"start":{"line":7,"column":13},"end":{"line":19,"column":null}},"6":{"start":{"line":7,"column":13},"end":{"line":7,"column":25}}},"fnMap":{"0":{"name":"(anonymous_1)","decl":{"start":{"line":15,"column":2},"end":{"line":15,"column":11}},"loc":{"start":{"line":15,"column":27},"end":{"line":17,"column":3}}}},"branchMap":{"0":{"loc":{"start":{"line":16,"column":11},"end":{"line":16,"column":50}},"type":"binary-expr","locations":[{"start":{"line":16,"column":11},"end":{"line":16,"column":37}},{"start":{"line":16,"column":41},"end":{"line":16,"column":50}}]}},"s":{"0":1,"1":1,"2":1,"3":4,"4":4,"5":1,"6":1},"f":{"0":4},"b":{"0":[4,1]}}
}
