TN:
SF:src/app/app.component.ts
FNF:0
FNH:0
DA:1,8
DA:8,8
LF:2
LH:2
BRF:0
BRH:0
end_of_record
TN:
SF:src/app/app-shell/app-shell.component.ts
FN:10,(anonymous_0)
FN:12,(anonymous_1)
FNF:2
FNH:2
FNDA:1,(anonymous_0)
FNDA:1,(anonymous_1)
DA:1,1
DA:8,1
LF:2
LH:2
BRF:0
BRH:0
end_of_record
TN:
SF:src/app/dashboard/components/plan/plan.component.ts
FN:18,(anonymous_1)
FN:27,(anonymous_2)
FN:31,(anonymous_3)
FN:35,(anonymous_4)
FN:39,(anonymous_5)
FNF:5
FNH:5
FNDA:68,(anonymous_1)
FNDA:1,(anonymous_2)
FNDA:1,(anonymous_3)
FNDA:1,(anonymous_4)
FNDA:2,(anonymous_5)
DA:1,1
DA:10,1
DA:13,8
DA:14,8
DA:15,8
DA:16,8
DA:20,68
DA:28,1
DA:32,1
DA:36,1
DA:40,2
LF:11
LH:11
BRF:0
BRH:0
end_of_record
TN:
SF:src/app/dashboard/components/plan-create/plan-create.component.ts
FN:38,(anonymous_0)
FN:43,(anonymous_1)
FN:62,(anonymous_2)
FNF:3
FNH:0
FNDA:0,(anonymous_0)
FNDA:0,(anonymous_1)
FNDA:0,(anonymous_2)
DA:1,3
DA:2,3
DA:3,3
DA:4,3
DA:6,3
DA:7,3
DA:8,3
DA:9,3
DA:10,3
DA:30,3
DA:34,0
DA:35,0
DA:36,0
DA:39,0
DA:44,0
DA:45,0
DA:47,0
DA:63,0
DA:74,0
DA:75,0
DA:77,0
DA:78,0
DA:81,0
LF:23
LH:10
BRDA:64,0,0,0
BRDA:64,0,1,0
BRDA:64,1,0,0
BRDA:64,1,1,0
BRDA:65,2,0,0
BRDA:65,2,1,0
BRDA:65,3,0,0
BRDA:65,3,1,0
BRDA:66,4,0,0
BRDA:66,4,1,0
BRDA:67,5,0,0
BRDA:67,5,1,0
BRDA:68,6,0,0
BRDA:68,6,1,0
BRDA:68,7,0,0
BRDA:68,7,1,0
BRDA:70,8,0,0
BRDA:70,8,1,0
BRDA:70,9,0,0
BRDA:70,9,1,0
BRDA:74,10,0,0
BRDA:77,11,0,0
BRF:22
BRH:0
end_of_record
TN:
SF:src/app/dashboard/components/timeline/timeline.component.ts
FN:19,(anonymous_1)
FNF:1
FNH:1
FNDA:1,(anonymous_1)
DA:1,1
DA:2,1
DA:9,1
DA:15,1
DA:17,1
DA:20,1
DA:21,0
DA:22,0
DA:23,0
DA:24,0
DA:26,0
DA:27,0
DA:30,0
DA:31,0
LF:14
LH:6
BRF:0
BRH:0
end_of_record
TN:
SF:src/app/dashboard/functions/render-plan.ts
FN:22,(anonymous_0)
FN:27,(anonymous_1)
FN:6,(anonymous_2)
FN:10,(anonymous_3)
FN:15,(anonymous_4)
FN:30,(anonymous_5)
FN:35,(anonymous_6)
FN:36,(anonymous_7)
FN:52,(anonymous_8)
FN:79,(anonymous_9)
FNF:10
FNH:10
FNDA:9,(anonymous_0)
FNDA:9,(anonymous_1)
FNDA:1,(anonymous_2)
FNDA:7,(anonymous_3)
FNDA:8,(anonymous_4)
FNDA:1,(anonymous_5)
FNDA:2,(anonymous_6)
FNDA:5,(anonymous_7)
FNDA:2,(anonymous_8)
FNDA:13,(anonymous_9)
DA:2,3
DA:4,3
DA:7,1
DA:11,7
DA:12,7
DA:16,8
DA:17,8
DA:18,8
DA:19,8
DA:23,9
DA:24,9
DA:25,9
DA:27,9
DA:31,1
DA:32,1
DA:33,1
DA:35,1
DA:36,2
DA:37,5
DA:38,5
DA:39,5
DA:45,5
DA:49,1
DA:53,2
DA:54,2
DA:55,2
DA:57,2
DA:58,10
DA:59,10
DA:60,10
DA:62,10
DA:63,2
DA:64,2
DA:66,2
DA:68,8
DA:70,10
DA:72,2
DA:73,2
DA:78,3
DA:80,13
DA:81,13
DA:82,13
DA:83,13
LF:43
LH:43
BRDA:24,0,0,8
BRDA:25,1,0,9
BRDA:12,2,0,3
BRDA:12,2,1,4
BRDA:18,3,0,3
BRDA:18,3,1,5
BRDA:19,4,0,6
BRDA:19,4,1,2
BRDA:38,5,0,2
BRDA:38,5,1,3
BRDA:38,6,0,5
BRDA:38,6,1,5
BRDA:60,7,0,4
BRDA:60,7,1,6
BRDA:60,8,0,10
BRDA:60,8,1,10
BRDA:62,9,0,2
BRDA:62,9,1,8
BRDA:63,10,0,2
BRF:19
BRH:19
end_of_record
TN:
SF:src/app/dashboard/pages/dashboard/dashboard.component.ts
FN:12,(anonymous_0)
FN:18,(anonymous_1)
FNF:2
FNH:2
FNDA:3,(anonymous_0)
FNDA:3,(anonymous_1)
DA:1,1
DA:2,1
DA:3,1
DA:10,1
DA:13,3
DA:14,3
DA:19,3
DA:20,1
DA:22,2
LF:9
LH:9
BRDA:19,0,0,1
BRF:1
BRH:1
end_of_record
TN:
SF:src/app/dashboard/pages/plans/plans.component.ts
FN:21,(anonymous_0)
FN:28,(anonymous_1)
FN:32,(anonymous_2)
FN:42,(anonymous_4)
FN:46,(anonymous_5)
FN:50,(anonymous_6)
FN:54,(anonymous_7)
FN:58,(anonymous_8)
FN:60,(anonymous_9)
FNF:9
FNH:0
FNDA:0,(anonymous_0)
FNDA:0,(anonymous_1)
FNDA:0,(anonymous_2)
FNDA:0,(anonymous_4)
FNDA:0,(anonymous_5)
FNDA:0,(anonymous_6)
FNDA:0,(anonymous_7)
FNDA:0,(anonymous_8)
FNDA:0,(anonymous_9)
DA:1,1
DA:2,1
DA:3,1
DA:4,1
DA:5,1
DA:6,1
DA:7,1
DA:14,1
DA:17,0
DA:18,0
DA:19,0
DA:22,0
DA:23,0
DA:24,0
DA:29,0
DA:33,0
DA:35,0
DA:36,0
DA:37,0
DA:38,0
DA:43,0
DA:47,0
DA:51,0
DA:55,0
DA:59,0
DA:61,0
DA:62,0
DA:63,0
DA:64,0
DA:65,0
LF:30
LH:8
BRDA:36,0,0,0
BRF:1
BRH:0
end_of_record
TN:
SF:src/app/dashboard/pages/start-plan/start-plan.component.ts
FN:16,(anonymous_0)
FN:25,(anonymous_1)
FN:30,(anonymous_3)
FNF:3
FNH:3
FNDA:3,(anonymous_0)
FNDA:2,(anonymous_1)
FNDA:1,(anonymous_3)
DA:1,1
DA:2,1
DA:3,1
DA:4,1
DA:5,1
DA:6,1
DA:7,1
DA:14,1
DA:17,3
DA:18,3
DA:19,3
DA:20,3
DA:21,3
DA:26,2
DA:28,2
DA:29,2
DA:30,1
DA:31,1
LF:18
LH:18
BRDA:29,0,0,1
BRF:1
BRH:1
end_of_record
TN:
SF:src/app/dashboard/pages/welcome/welcome.component.ts
FN:15,(anonymous_0)
FN:22,(anonymous_1)
FN:27,(anonymous_2)
FNF:3
FNH:3
FNDA:3,(anonymous_0)
FNDA:3,(anonymous_1)
FNDA:1,(anonymous_2)
DA:1,1
DA:2,1
DA:3,1
DA:4,1
DA:11,1
DA:16,3
DA:17,3
DA:18,3
DA:23,3
DA:24,3
DA:28,1
LF:11
LH:11
BRF:0
BRH:0
end_of_record
TN:
SF:src/app/guards/schedule.guard.ts
FN:19,(anonymous_0)
FN:26,(anonymous_1)
FN:32,(anonymous_2)
FN:38,(anonymous_3)
FNF:4
FNH:4
FNDA:6,(anonymous_0)
FNDA:3,(anonymous_1)
FNDA:3,(anonymous_2)
FNDA:6,(anonymous_3)
DA:1,7
DA:2,7
DA:11,7
DA:12,7
DA:17,7
DA:20,6
DA:21,6
DA:22,6
DA:29,3
DA:35,3
DA:39,6
DA:41,6
DA:42,2
DA:45,4
DA:46,4
DA:47,4
LF:16
LH:16
BRDA:41,0,0,2
BRF:1
BRH:1
end_of_record
TN:
SF:src/app/home/pages/home/home.component.ts
FN:13,(anonymous_0)
FN:19,(anonymous_1)
FN:21,(anonymous_2)
FNF:3
FNH:3
FNDA:3,(anonymous_0)
FNDA:1,(anonymous_1)
FNDA:1,(anonymous_2)
DA:1,1
DA:2,1
DA:3,1
DA:4,1
DA:11,1
DA:14,3
DA:15,3
DA:20,1
DA:21,1
LF:9
LH:9
BRF:0
BRH:0
end_of_record
TN:
SF:src/app/services/browser-storage.service.ts
FN:4,(anonymous_0)
FN:13,(anonymous_1)
FN:18,(anonymous_2)
FN:22,(anonymous_3)
FN:26,(anonymous_4)
FN:30,(anonymous_5)
FNF:6
FNH:6
FNDA:7,(anonymous_0)
FNDA:4,(anonymous_1)
FNDA:1,(anonymous_2)
FNDA:1,(anonymous_3)
FNDA:1,(anonymous_4)
FNDA:1,(anonymous_5)
DA:1,7
DA:2,7
DA:4,7
DA:5,7
DA:11,7
DA:14,4
DA:19,1
DA:23,1
DA:27,1
DA:31,1
LF:10
LH:10
BRDA:4,0,0,7
BRDA:4,0,1,7
BRF:2
BRH:2
end_of_record
TN:
SF:src/app/services/dashboard.service.ts
FN:21,(anonymous_0)
FN:12,(anonymous_1)
FN:16,(anonymous_2)
FNF:3
FNH:3
FNDA:3,(anonymous_0)
FNDA:3,(anonymous_1)
FNDA:2,(anonymous_2)
DA:1,7
DA:2,7
DA:3,7
DA:8,7
DA:10,3
DA:13,3
DA:17,2
DA:18,2
DA:22,3
LF:9
LH:9
BRDA:13,0,0,2
BRDA:13,0,1,1
BRDA:13,1,0,3
BRDA:13,1,1,2
BRF:4
BRH:4
end_of_record
TN:
SF:src/app/services/schedules-api.service.ts
FN:14,(anonymous_0)
FN:19,(anonymous_1)
FN:26,(anonymous_2)
FN:33,(anonymous_3)
FNF:4
FNH:4
FNDA:3,(anonymous_0)
FNDA:1,(anonymous_1)
FNDA:1,(anonymous_2)
FNDA:1,(anonymous_3)
DA:1,4
DA:2,4
DA:3,4
DA:4,4
DA:5,4
DA:7,4
DA:12,4
DA:15,3
DA:20,1
DA:21,1
DA:27,1
DA:28,1
DA:34,1
DA:35,1
LF:14
LH:14
BRF:0
BRH:0
end_of_record
TN:
SF:src/app/shared/components/emoji-picker/emoji-picker.component.ts
FN:34,(anonymous_0)
FN:39,(anonymous_1)
FN:43,(anonymous_2)
FN:57,(anonymous_3)
FN:61,(anonymous_4)
FN:65,(anonymous_5)
FN:69,(anonymous_6)
FNF:7
FNH:7
FNDA:9,(anonymous_0)
FNDA:1,(anonymous_1)
FNDA:2,(anonymous_2)
FNDA:1,(anonymous_3)
FNDA:1,(anonymous_4)
FNDA:2,(anonymous_5)
FNDA:1,(anonymous_6)
DA:1,1
DA:2,1
DA:4,1
DA:21,1
DA:23,9
DA:26,9
DA:27,9
DA:35,9
DA:40,1
DA:44,2
DA:45,1
DA:48,1
DA:49,1
DA:50,1
DA:51,1
DA:53,1
DA:54,1
DA:58,1
DA:62,1
DA:66,2
DA:70,1
LF:21
LH:21
BRDA:44,0,0,1
BRF:1
BRH:1
end_of_record
TN:
SF:src/app/shared/components/footer/footer.component.ts
FNF:0
FNH:0
DA:1,3
DA:8,3
LF:2
LH:2
BRF:0
BRH:0
end_of_record
TN:
SF:src/app/shared/components/header/header.component.ts
FNF:0
FNH:0
DA:1,2
DA:8,2
LF:2
LH:2
BRF:0
BRH:0
end_of_record
TN:
SF:src/app/shared/components/site-wrapper/site-wrapper.component.ts
FNF:0
FNH:0
DA:1,3
DA:8,3
LF:2
LH:2
BRF:0
BRH:0
end_of_record
TN:
SF:src/app/shared/functions/date-range-validator.ts
FN:3,dateRangeValidator
FN:4,(anonymous_1)
FNF:2
FNH:2
FNDA:4,dateRangeValidator
FNDA:5,(anonymous_1)
DA:3,4
DA:4,4
DA:5,5
DA:6,5
DA:7,5
DA:9,5
DA:10,2
DA:11,2
DA:14,3
DA:15,1
DA:16,1
DA:19,2
DA:20,1
DA:21,1
DA:23,1
LF:15
LH:15
BRDA:5,0,0,0
BRDA:5,0,1,5
BRDA:5,1,0,5
BRDA:5,1,1,5
BRDA:6,2,0,0
BRDA:6,2,1,5
BRDA:6,3,0,5
BRDA:6,3,1,5
BRDA:7,4,0,0
BRDA:7,4,1,5
BRDA:7,5,0,5
BRDA:7,5,1,5
BRDA:9,6,0,2
BRDA:10,7,0,0
BRDA:10,7,1,2
BRDA:10,8,0,2
BRDA:10,8,1,2
BRDA:14,9,0,1
BRDA:14,10,0,3
BRDA:14,10,1,3
BRDA:15,11,0,0
BRDA:15,11,1,1
BRDA:15,12,0,1
BRDA:15,12,1,1
BRDA:19,13,0,1
BRDA:20,14,0,0
BRDA:20,14,1,1
BRDA:20,15,0,1
BRDA:20,15,1,1
BRF:29
BRH:23
end_of_record
TN:
SF:src/app/shared/functions/date-utils.ts
FN:1,daysDiff
FN:7,getNextMonth
FNF:2
FNH:2
FNDA:31,daysDiff
FNDA:3,getNextMonth
DA:1,5
DA:2,31
DA:3,31
DA:4,31
DA:7,5
DA:8,3
DA:9,1
DA:11,1
LF:8
LH:8
BRDA:8,0,0,1
BRDA:8,0,1,1
BRF:2
BRH:2
end_of_record
TN:
SF:src/app/shared/functions/state-matcher.ts
FN:5,(anonymous_0)
FNF:1
FNH:1
FNDA:3,(anonymous_0)
DA:4,4
DA:6,3
LF:2
LH:2
BRDA:6,0,0,3
BRDA:6,0,1,3
BRDA:6,0,2,2
BRF:3
BRH:3
end_of_record
TN:
SF:src/app/shared/pipes/priority.pipe.ts
FN:15,(anonymous_1)
FNF:1
FNH:1
FNDA:4,(anonymous_1)
DA:1,1
DA:2,1
DA:7,1
DA:9,4
DA:16,4
LF:5
LH:5
BRDA:16,0,0,4
BRDA:16,0,1,1
BRF:2
BRH:2
end_of_record
